[0.263s] Invoking command in '/home/pi/ws_ruka/src/Raspberry_Cyphal_ruka/build/ruka': CMAKE_PREFIX_PATH=${CMAKE_PREFIX_PATH}:/opt/ros/iron /usr/bin/cmake /home/pi/ws_ruka/src/Raspberry_Cyphal_ruka -DCMAKE_INSTALL_PREFIX=/home/pi/ws_ruka/src/Raspberry_Cyphal_ruka/install/ruka
[0.757s] -- The C compiler identification is GNU 11.4.0
[1.057s] -- The CXX compiler identification is GNU 11.4.0
[1.111s] -- Detecting C compiler ABI info
[1.533s] -- Detecting C compiler ABI info - done
[1.560s] -- Check for working C compiler: /usr/bin/cc - skipped
[1.564s] -- Detecting C compile features
[1.567s] -- Detecting C compile features - done
[1.584s] -- Detecting CXX compiler ABI info
[2.002s] -- Detecting CXX compiler ABI info - done
[2.033s] -- Check for working CXX compiler: /usr/bin/c++ - skipped
[2.035s] -- Detecting CXX compile features
[2.037s] -- Detecting CXX compile features - done
[2.200s] -- Found ament_cmake: 2.0.3 (/opt/ros/iron/share/ament_cmake/cmake)
[3.136s] -- Found Python3: /usr/bin/python3.10 (found version "3.10.12") found components: Interpreter 
[3.953s] -- /home/pi/ws_ruka/src/Raspberry_Cyphal_ruka | Using </home/pi/ws_ruka/libcxxcanard> as directory of libcxxcanard
[3.959s] -- /home/pi/ws_ruka/libcxxcanard | Using </home/pi/ws_ruka/libcxxcanard/libs> as directory of common libs
[3.994s] -- Found hardware_interface: 3.21.2 (/opt/ros/iron/share/hardware_interface/cmake)
[4.513s] -- Found rosidl_generator_c: 4.0.1 (/opt/ros/iron/share/rosidl_generator_c/cmake)
[4.652s] -- Found rosidl_generator_cpp: 4.0.1 (/opt/ros/iron/share/rosidl_generator_cpp/cmake)
[4.828s] -- Using all available rosidl_typesupport_c: rosidl_typesupport_fastrtps_c;rosidl_typesupport_introspection_c
[5.008s] -- Using all available rosidl_typesupport_cpp: rosidl_typesupport_fastrtps_cpp;rosidl_typesupport_introspection_cpp
[6.869s] Invoked command in '/home/pi/ws_ruka/src/Raspberry_Cyphal_ruka/build/ruka' returned '-2': CMAKE_PREFIX_PATH=${CMAKE_PREFIX_PATH}:/opt/ros/iron /usr/bin/cmake /home/pi/ws_ruka/src/Raspberry_Cyphal_ruka -DCMAKE_INSTALL_PREFIX=/home/pi/ws_ruka/src/Raspberry_Cyphal_ruka/install/ruka
[6.898s] Traceback (most recent call last):
  File "/usr/lib/python3/dist-packages/colcon_parallel_executor/executor/parallel.py", line 75, in execute
    loop.run_until_complete(future)
  File "/usr/lib/python3.10/asyncio/base_events.py", line 636, in run_until_complete
    self.run_forever()
  File "/usr/lib/python3.10/asyncio/base_events.py", line 603, in run_forever
    self._run_once()
  File "/usr/lib/python3.10/asyncio/base_events.py", line 1871, in _run_once
    event_list = self._selector.select(timeout)
  File "/usr/lib/python3.10/selectors.py", line 469, in select
    fd_event_list = self._selector.poll(timeout, max_ev)
KeyboardInterrupt

During handling of the above exception, another exception occurred:

Traceback (most recent call last):
  File "/usr/lib/python3/dist-packages/colcon_core/executor/__init__.py", line 91, in __call__
    rc = await self.task(*args, **kwargs)
  File "/usr/lib/python3/dist-packages/colcon_core/task/__init__.py", line 93, in __call__
    return await task_method(*args, **kwargs)
  File "/usr/lib/python3/dist-packages/colcon_ros/task/ament_cmake/build.py", line 59, in build
    rc = await extension.build(
  File "/usr/lib/python3/dist-packages/colcon_cmake/task/cmake/build.py", line 87, in build
    rc = await self._reconfigure(args, env)
  File "/usr/lib/python3/dist-packages/colcon_cmake/task/cmake/build.py", line 182, in _reconfigure
    buildfile = get_buildfile(cmake_cache)
  File "/usr/lib/python3/dist-packages/colcon_cmake/task/cmake/__init__.py", line 114, in get_buildfile
    if 'Visual Studio' in generator:
TypeError: argument of type 'NoneType' is not iterable
