[0.000000] (-) TimerEvent: {}
[0.001449] (ruka) JobQueued: {'identifier': 'ruka', 'dependencies': OrderedDict()}
[0.001991] (ruka) JobStarted: {'identifier': 'ruka'}
[0.099054] (-) TimerEvent: {}
[0.200050] (-) TimerEvent: {}
[0.259956] (ruka) JobProgress: {'identifier': 'ruka', 'progress': 'cmake'}
[0.260886] (ruka) Command: {'cmd': ['/usr/bin/cmake', '/home/pi/ws_ruka/src/Raspberry_Cyphal_ruka', '-DCMAKE_INSTALL_PREFIX=/home/pi/ws_ruka/src/Raspberry_Cyphal_ruka/install/ruka'], 'cwd': '/home/pi/ws_ruka/src/Raspberry_Cyphal_ruka/build/ruka', 'env': OrderedDict([('LESSOPEN', '| /usr/bin/lesspipe %s'), ('USER', 'pi'), ('SSH_CLIENT', '192.168.0.92 65386 22'), ('XDG_SESSION_TYPE', 'tty'), ('SHLVL', '1'), ('LD_LIBRARY_PATH', '/home/pi/ws_ruka/install/ruka/lib:/home/pi/uros_ws/install/micro_ros_agent/lib:/home/pi/uros_ws/install/micro_ros_msgs/lib:/home/pi/uros_ws/install/config_service/lib:/home/pi/uros_ws/install/command_service/lib:/opt/ros/iron/opt/rviz_ogre_vendor/lib:/opt/ros/iron/lib/aarch64-linux-gnu:/opt/ros/iron/lib'), ('MOTD_SHOWN', 'pam'), ('HOME', '/home/pi'), ('OLDPWD', '/home/pi/ws_ruka/src'), ('SSH_TTY', '/dev/pts/1'), ('ROS_PYTHON_VERSION', '3'), ('DBUS_SESSION_BUS_ADDRESS', 'unix:path=/run/user/1000/bus'), ('COLCON_PREFIX_PATH', '/home/pi/ws_ruka/install:/home/pi/uros_ws/install'), ('ROS_DISTRO', 'iron'), ('LOGNAME', 'pi'), ('_', '/usr/bin/colcon'), ('ROS_VERSION', '2'), ('XDG_SESSION_CLASS', 'user'), ('TERM', 'xterm-256color'), ('XDG_SESSION_ID', '4'), ('PATH', '/opt/ros/iron/bin:/usr/local/sbin:/usr/local/bin:/usr/sbin:/usr/bin:/sbin:/bin:/usr/games:/usr/local/games:/snap/bin'), ('XDG_RUNTIME_DIR', '/run/user/1000'), ('LANG', 'en_US.UTF-8'), ('LS_COLORS', 'rs=0:di=01;34:ln=01;36:mh=00:pi=40;33:so=01;35:do=01;35:bd=40;33;01:cd=40;33;01:or=40;31;01:mi=00:su=37;41:sg=30;43:ca=30;41:tw=30;42:ow=34;42:st=37;44:ex=01;32:*.tar=01;31:*.tgz=01;31:*.arc=01;31:*.arj=01;31:*.taz=01;31:*.lha=01;31:*.lz4=01;31:*.lzh=01;31:*.lzma=01;31:*.tlz=01;31:*.txz=01;31:*.tzo=01;31:*.t7z=01;31:*.zip=01;31:*.z=01;31:*.dz=01;31:*.gz=01;31:*.lrz=01;31:*.lz=01;31:*.lzo=01;31:*.xz=01;31:*.zst=01;31:*.tzst=01;31:*.bz2=01;31:*.bz=01;31:*.tbz=01;31:*.tbz2=01;31:*.tz=01;31:*.deb=01;31:*.rpm=01;31:*.jar=01;31:*.war=01;31:*.ear=01;31:*.sar=01;31:*.rar=01;31:*.alz=01;31:*.ace=01;31:*.zoo=01;31:*.cpio=01;31:*.7z=01;31:*.rz=01;31:*.cab=01;31:*.wim=01;31:*.swm=01;31:*.dwm=01;31:*.esd=01;31:*.jpg=01;35:*.jpeg=01;35:*.mjpg=01;35:*.mjpeg=01;35:*.gif=01;35:*.bmp=01;35:*.pbm=01;35:*.pgm=01;35:*.ppm=01;35:*.tga=01;35:*.xbm=01;35:*.xpm=01;35:*.tif=01;35:*.tiff=01;35:*.png=01;35:*.svg=01;35:*.svgz=01;35:*.mng=01;35:*.pcx=01;35:*.mov=01;35:*.mpg=01;35:*.mpeg=01;35:*.m2v=01;35:*.mkv=01;35:*.webm=01;35:*.webp=01;35:*.ogm=01;35:*.mp4=01;35:*.m4v=01;35:*.mp4v=01;35:*.vob=01;35:*.qt=01;35:*.nuv=01;35:*.wmv=01;35:*.asf=01;35:*.rm=01;35:*.rmvb=01;35:*.flc=01;35:*.avi=01;35:*.fli=01;35:*.flv=01;35:*.gl=01;35:*.dl=01;35:*.xcf=01;35:*.xwd=01;35:*.yuv=01;35:*.cgm=01;35:*.emf=01;35:*.ogv=01;35:*.ogx=01;35:*.aac=00;36:*.au=00;36:*.flac=00;36:*.m4a=00;36:*.mid=00;36:*.midi=00;36:*.mka=00;36:*.mp3=00;36:*.mpc=00;36:*.ogg=00;36:*.ra=00;36:*.wav=00;36:*.oga=00;36:*.opus=00;36:*.spx=00;36:*.xspf=00;36:'), ('AMENT_PREFIX_PATH', '/home/pi/ws_ruka/install/ruka:/home/pi/uros_ws/install/micro_ros_setup:/home/pi/uros_ws/install/micro_ros_agent:/home/pi/uros_ws/install/micro_ros_msgs:/home/pi/uros_ws/install/config_service:/home/pi/uros_ws/install/command_service:/opt/ros/iron'), ('SHELL', '/bin/bash'), ('LESSCLOSE', '/usr/bin/lesspipe %s %s'), ('ROS_AUTOMATIC_DISCOVERY_RANGE', 'SUBNET'), ('PWD', '/home/pi/ws_ruka/src/Raspberry_Cyphal_ruka/build/ruka'), ('LC_ALL', 'en_US.UTF-8'), ('SSH_CONNECTION', '192.168.0.92 65386 192.168.0.126 22'), ('XDG_DATA_DIRS', '/usr/local/share:/usr/share:/var/lib/snapd/desktop'), ('PYTHONPATH', '/home/pi/uros_ws/install/micro_ros_msgs/lib/python3.10/site-packages:/home/pi/uros_ws/install/config_service/lib/python3.10/site-packages:/home/pi/uros_ws/install/command_service/lib/python3.10/site-packages:/opt/ros/iron/lib/python3.10/site-packages'), ('COLCON', '1'), ('CMAKE_PREFIX_PATH', '/home/pi/ws_ruka/install/ruka:/home/pi/uros_ws/install/micro_ros_setup:/home/pi/uros_ws/install/micro_ros_agent:/home/pi/uros_ws/install/micro_ros_msgs:/home/pi/uros_ws/install/config_service:/home/pi/uros_ws/install/command_service:/opt/ros/iron')]), 'shell': False}
[0.300319] (-) TimerEvent: {}
[0.401128] (-) TimerEvent: {}
[0.502877] (-) TimerEvent: {}
[0.604647] (-) TimerEvent: {}
[0.705737] (-) TimerEvent: {}
[0.758401] (ruka) StdoutLine: {'line': b'-- The C compiler identification is GNU 11.4.0\n'}
[0.805919] (-) TimerEvent: {}
[0.906822] (-) TimerEvent: {}
[1.007749] (-) TimerEvent: {}
[1.058753] (ruka) StdoutLine: {'line': b'-- The CXX compiler identification is GNU 11.4.0\n'}
[1.108226] (-) TimerEvent: {}
[1.112037] (ruka) StdoutLine: {'line': b'-- Detecting C compiler ABI info\n'}
[1.208479] (-) TimerEvent: {}
[1.309377] (-) TimerEvent: {}
[1.410325] (-) TimerEvent: {}
[1.511315] (-) TimerEvent: {}
[1.534388] (ruka) StdoutLine: {'line': b'-- Detecting C compiler ABI info - done\n'}
[1.561899] (ruka) StdoutLine: {'line': b'-- Check for working C compiler: /usr/bin/cc - skipped\n'}
[1.565917] (ruka) StdoutLine: {'line': b'-- Detecting C compile features\n'}
[1.568573] (ruka) StdoutLine: {'line': b'-- Detecting C compile features - done\n'}
[1.585334] (ruka) StdoutLine: {'line': b'-- Detecting CXX compiler ABI info\n'}
[1.611529] (-) TimerEvent: {}
[1.713454] (-) TimerEvent: {}
[1.815494] (-) TimerEvent: {}
[1.916351] (-) TimerEvent: {}
[2.003237] (ruka) StdoutLine: {'line': b'-- Detecting CXX compiler ABI info - done\n'}
[2.016600] (-) TimerEvent: {}
[2.034406] (ruka) StdoutLine: {'line': b'-- Check for working CXX compiler: /usr/bin/c++ - skipped\n'}
[2.036031] (ruka) StdoutLine: {'line': b'-- Detecting CXX compile features\n'}
[2.038230] (ruka) StdoutLine: {'line': b'-- Detecting CXX compile features - done\n'}
[2.116858] (-) TimerEvent: {}
[2.201445] (ruka) StdoutLine: {'line': b'-- Found ament_cmake: 2.0.3 (/opt/ros/iron/share/ament_cmake/cmake)\n'}
[2.217040] (-) TimerEvent: {}
[2.317927] (-) TimerEvent: {}
[2.418830] (-) TimerEvent: {}
[2.519691] (-) TimerEvent: {}
[2.620786] (-) TimerEvent: {}
[2.721769] (-) TimerEvent: {}
[2.822537] (-) TimerEvent: {}
[2.923399] (-) TimerEvent: {}
[3.024075] (-) TimerEvent: {}
[3.124950] (-) TimerEvent: {}
[3.137792] (ruka) StdoutLine: {'line': b'-- Found Python3: /usr/bin/python3.10 (found version "3.10.12") found components: Interpreter \n'}
[3.225161] (-) TimerEvent: {}
[3.325911] (-) TimerEvent: {}
[3.426674] (-) TimerEvent: {}
[3.527466] (-) TimerEvent: {}
[3.628231] (-) TimerEvent: {}
[3.729053] (-) TimerEvent: {}
[3.829909] (-) TimerEvent: {}
[3.930742] (-) TimerEvent: {}
[3.954820] (ruka) StdoutLine: {'line': b'-- /home/pi/ws_ruka/src/Raspberry_Cyphal_ruka | Using </home/pi/ws_ruka/libcxxcanard> as directory of libcxxcanard\n'}
[3.960918] (ruka) StdoutLine: {'line': b'-- /home/pi/ws_ruka/libcxxcanard | Using </home/pi/ws_ruka/libcxxcanard/libs> as directory of common libs\n'}
[3.995223] (ruka) StdoutLine: {'line': b'-- Found hardware_interface: 3.21.2 (/opt/ros/iron/share/hardware_interface/cmake)\n'}
[4.030930] (-) TimerEvent: {}
[4.131658] (-) TimerEvent: {}
[4.232654] (-) TimerEvent: {}
[4.333562] (-) TimerEvent: {}
[4.434268] (-) TimerEvent: {}
[4.514594] (ruka) StdoutLine: {'line': b'-- Found rosidl_generator_c: 4.0.1 (/opt/ros/iron/share/rosidl_generator_c/cmake)\n'}
[4.534414] (-) TimerEvent: {}
[4.635078] (-) TimerEvent: {}
[4.653945] (ruka) StdoutLine: {'line': b'-- Found rosidl_generator_cpp: 4.0.1 (/opt/ros/iron/share/rosidl_generator_cpp/cmake)\n'}
[4.735246] (-) TimerEvent: {}
[4.829198] (ruka) StdoutLine: {'line': b'-- Using all available rosidl_typesupport_c: rosidl_typesupport_fastrtps_c;rosidl_typesupport_introspection_c\n'}
[4.835390] (-) TimerEvent: {}
[4.936044] (-) TimerEvent: {}
[5.009599] (ruka) StdoutLine: {'line': b'-- Using all available rosidl_typesupport_cpp: rosidl_typesupport_fastrtps_cpp;rosidl_typesupport_introspection_cpp\n'}
[5.036188] (-) TimerEvent: {}
[5.136840] (-) TimerEvent: {}
[5.237536] (-) TimerEvent: {}
[5.338297] (-) TimerEvent: {}
[5.438958] (-) TimerEvent: {}
[5.539683] (-) TimerEvent: {}
[5.640366] (-) TimerEvent: {}
[5.741037] (-) TimerEvent: {}
[5.841759] (-) TimerEvent: {}
[5.942447] (-) TimerEvent: {}
[6.043093] (-) TimerEvent: {}
[6.143760] (-) TimerEvent: {}
[6.244418] (-) TimerEvent: {}
[6.345047] (-) TimerEvent: {}
[6.445704] (-) TimerEvent: {}
[6.546407] (-) TimerEvent: {}
[6.647150] (-) TimerEvent: {}
[6.747841] (-) TimerEvent: {}
[6.848505] (-) TimerEvent: {}
[6.870120] (ruka) CommandEnded: {'returncode': -2}
[6.899384] (ruka) StderrLine: {'line': b'Traceback (most recent call last):\n  File "/usr/lib/python3/dist-packages/colcon_parallel_executor/executor/parallel.py", line 75, in execute\n    loop.run_until_complete(future)\n  File "/usr/lib/python3.10/asyncio/base_events.py", line 636, in run_until_complete\n    self.run_forever()\n  File "/usr/lib/python3.10/asyncio/base_events.py", line 603, in run_forever\n    self._run_once()\n  File "/usr/lib/python3.10/asyncio/base_events.py", line 1871, in _run_once\n    event_list = self._selector.select(timeout)\n  File "/usr/lib/python3.10/selectors.py", line 469, in select\n    fd_event_list = self._selector.poll(timeout, max_ev)\nKeyboardInterrupt\n\nDuring handling of the above exception, another exception occurred:\n\nTraceback (most recent call last):\n  File "/usr/lib/python3/dist-packages/colcon_core/executor/__init__.py", line 91, in __call__\n    rc = await self.task(*args, **kwargs)\n  File "/usr/lib/python3/dist-packages/colcon_core/task/__init__.py", line 93, in __call__\n    return await task_method(*args, **kwargs)\n  File "/usr/lib/python3/dist-packages/colcon_ros/task/ament_cmake/build.py", line 59, in build\n    rc = await extension.build(\n  File "/usr/lib/python3/dist-packages/colcon_cmake/task/cmake/build.py", line 87, in build\n    rc = await self._reconfigure(args, env)\n  File "/usr/lib/python3/dist-packages/colcon_cmake/task/cmake/build.py", line 182, in _reconfigure\n    buildfile = get_buildfile(cmake_cache)\n  File "/usr/lib/python3/dist-packages/colcon_cmake/task/cmake/__init__.py", line 114, in get_buildfile\n    if \'Visual Studio\' in generator:\nTypeError: argument of type \'NoneType\' is not iterable\n'}
[6.900659] (ruka) JobEnded: {'identifier': 'ruka', 'rc': 'SIGINT'}
[6.911352] (-) EventReactorShutdown: {}
